2024-11-11T11:58:13.769+0100 INFO               [main]                         be.pxl.microservices.ConfigServiceApplication - Starting ConfigServiceApplication using Java 22.0.1 with PID 13024 (C:\JavaProjects\School\3tiwfullstack-labs-RonEerdekensPXL\backend-java\MicroServices\ConfigService\target\classes started by ronee in C:\JavaProjects\School\3tiwfullstack-labs-RonEerdekensPXL\backend-java\MicroServices)
2024-11-11T11:58:13.771+0100 DEBUG              [main]                         be.pxl.microservices.ConfigServiceApplication - Running with Spring Boot v3.3.4, Spring v6.1.13
2024-11-11T11:58:13.772+0100 INFO               [main]                         be.pxl.microservices.ConfigServiceApplication - The following 1 profile is active: "native"
2024-11-11T11:58:15.189+0100 INFO               [main]                         be.pxl.microservices.ConfigServiceApplication - Started ConfigServiceApplication in 1.874 seconds (process running for 3.917)
2024-11-11T11:58:24.703+0100 INFO               [main]                         be.pxl.microservices.DiscoveryServiceApplication - Starting DiscoveryServiceApplication using Java 22.0.1 with PID 7416 (C:\JavaProjects\School\3tiwfullstack-labs-RonEerdekensPXL\backend-java\MicroServices\DiscoveryService\target\classes started by ronee in C:\JavaProjects\School\3tiwfullstack-labs-RonEerdekensPXL\backend-java\MicroServices)
2024-11-11T11:58:24.705+0100 DEBUG              [main]                         be.pxl.microservices.DiscoveryServiceApplication - Running with Spring Boot v3.3.4, Spring v6.1.13
2024-11-11T11:58:24.705+0100 INFO               [main]                         be.pxl.microservices.DiscoveryServiceApplication - No active profile set, falling back to 1 default profile: "default"
2024-11-11T11:58:27.205+0100 INFO               [main]                         be.pxl.microservices.DiscoveryServiceApplication - Started DiscoveryServiceApplication in 3.347 seconds (process running for 5.844)
2024-11-11T11:58:35.606+0100 INFO               [main]                         be.pxl.microservices.GatewayServiceApplication - Starting GatewayServiceApplication using Java 22.0.1 with PID 24644 (C:\JavaProjects\School\3tiwfullstack-labs-RonEerdekensPXL\backend-java\MicroServices\gatewayService\target\classes started by ronee in C:\JavaProjects\School\3tiwfullstack-labs-RonEerdekensPXL\backend-java\MicroServices)
2024-11-11T11:58:35.607+0100 DEBUG              [main]                         be.pxl.microservices.GatewayServiceApplication - Running with Spring Boot v3.3.4, Spring v6.1.13
2024-11-11T11:58:35.608+0100 INFO               [main]                         be.pxl.microservices.GatewayServiceApplication - No active profile set, falling back to 1 default profile: "default"
2024-11-11T11:58:37.500+0100 INFO               [main]                         be.pxl.microservices.GatewayServiceApplication - Started GatewayServiceApplication in 2.614 seconds (process running for 3.924)
2024-11-11T11:58:45.618+0100 INFO               [main]                         be.pxl.microservices.DepartmentServiceApplication - Starting DepartmentServiceApplication using Java 22.0.1 with PID 23580 (C:\JavaProjects\School\3tiwfullstack-labs-RonEerdekensPXL\backend-java\MicroServices\DepartmentService\target\classes started by ronee in C:\JavaProjects\School\3tiwfullstack-labs-RonEerdekensPXL\backend-java\MicroServices)
2024-11-11T11:58:45.620+0100 DEBUG              [main]                         be.pxl.microservices.DepartmentServiceApplication - Running with Spring Boot v3.3.4, Spring v6.1.13
2024-11-11T11:58:45.620+0100 INFO               [main]                         be.pxl.microservices.DepartmentServiceApplication - No active profile set, falling back to 1 default profile: "default"
2024-11-11T11:58:49.779+0100 INFO               [main]                         be.pxl.microservices.EmployeeServiceApplication - Starting EmployeeServiceApplication using Java 22.0.1 with PID 17560 (C:\JavaProjects\School\3tiwfullstack-labs-RonEerdekensPXL\backend-java\MicroServices\EmployeeService\target\classes started by ronee in C:\JavaProjects\School\3tiwfullstack-labs-RonEerdekensPXL\backend-java\MicroServices)
2024-11-11T11:58:49.780+0100 DEBUG              [main]                         be.pxl.microservices.EmployeeServiceApplication - Running with Spring Boot v3.3.4, Spring v6.1.13
2024-11-11T11:58:49.781+0100 INFO               [main]                         be.pxl.microservices.EmployeeServiceApplication - No active profile set, falling back to 1 default profile: "default"
2024-11-11T11:58:49.969+0100 INFO               [main]                         be.pxl.microservices.DepartmentServiceApplication - Started DepartmentServiceApplication in 5.121 seconds (process running for 5.695)
2024-11-11T11:58:53.640+0100 INFO               [main]                         be.pxl.microservices.OrganizationServiceApplication - Starting OrganizationServiceApplication using Java 22.0.1 with PID 4416 (C:\JavaProjects\School\3tiwfullstack-labs-RonEerdekensPXL\backend-java\MicroServices\OrganizationService\target\classes started by ronee in C:\JavaProjects\School\3tiwfullstack-labs-RonEerdekensPXL\backend-java\MicroServices)
2024-11-11T11:58:53.641+0100 DEBUG              [main]                         be.pxl.microservices.OrganizationServiceApplication - Running with Spring Boot v3.3.4, Spring v6.1.13
2024-11-11T11:58:53.642+0100 INFO               [main]                         be.pxl.microservices.OrganizationServiceApplication - No active profile set, falling back to 1 default profile: "default"
2024-11-11T11:58:54.019+0100 INFO               [main]                         be.pxl.microservices.EmployeeServiceApplication - Started EmployeeServiceApplication in 5.146 seconds (process running for 5.701)
2024-11-11T11:58:57.647+0100 INFO               [main]                         be.pxl.microservices.OrganizationServiceApplication - Started OrganizationServiceApplication in 4.894 seconds (process running for 5.465)
2024-11-11T12:00:56.278+0100 INFO               [http-nio-9090-exec-1]         be.pxl.microservices.api.controller.EmployeeController - Creating new employee with name: Ron5
2024-11-11T12:00:56.359+0100 INFO               [http-nio-9090-exec-1]         be.pxl.microservices.services.EmployeeServices - Employee created with id: 52
2024-11-11T12:01:08.664+0100 INFO               [main]                         be.pxl.microservices.NotificationServiceApplication - Starting NotificationServiceApplication using Java 22.0.1 with PID 26292 (C:\JavaProjects\School\3tiwfullstack-labs-RonEerdekensPXL\backend-java\MicroServices\NotificationService\target\classes started by ronee in C:\JavaProjects\School\3tiwfullstack-labs-RonEerdekensPXL\backend-java\MicroServices)
2024-11-11T12:01:08.665+0100 DEBUG              [main]                         be.pxl.microservices.NotificationServiceApplication - Running with Spring Boot v3.3.4, Spring v6.1.13
2024-11-11T12:01:08.666+0100 INFO               [main]                         be.pxl.microservices.NotificationServiceApplication - No active profile set, falling back to 1 default profile: "default"
2024-11-11T12:01:11.403+0100 INFO               [main]                         be.pxl.microservices.NotificationServiceApplication - Started NotificationServiceApplication in 3.48 seconds (process running for 4.024)
2024-11-11T12:01:20.852+0100 INFO               [http-nio-9090-exec-8]         be.pxl.microservices.api.controller.EmployeeController - Creating new employee with name: Ron5
2024-11-11T12:01:20.882+0100 INFO               [http-nio-9090-exec-8]         be.pxl.microservices.services.EmployeeServices - Employee created with id: 53
2024-11-11T12:01:46.342+0100 INFO               [http-nio-9090-exec-2]         be.pxl.microservices.api.controller.EmployeeController - Creating new employee with name: Ron6
2024-11-11T12:01:46.368+0100 INFO               [http-nio-9090-exec-2]         be.pxl.microservices.services.EmployeeServices - Employee created with id: 54
2024-11-11T12:02:21.587+0100 INFO               [http-nio-9090-exec-6]         be.pxl.microservices.api.controller.EmployeeController - Creating new employee with name: Ron6
2024-11-11T12:02:21.611+0100 INFO               [http-nio-9090-exec-6]         be.pxl.microservices.services.EmployeeServices - Employee created with id: 55
2024-11-11T12:02:21.705+0100 INFO               [http-nio-9093-exec-1]         be.pxl.microservices.api.controller.NotificationController - Sending notification: Notification(from=EmployeeService, to=Ron, subject=Employee Created, message=Employee Created)
2024-11-11T12:02:21.705+0100 INFO               [http-nio-9093-exec-1]         be.pxl.microservices.services.NotificationServices - Receiving notification....
2024-11-11T12:02:21.705+0100 INFO               [http-nio-9093-exec-1]         be.pxl.microservices.services.NotificationServices - Sending ... Employee Created
2024-11-11T12:02:21.705+0100 INFO               [http-nio-9093-exec-1]         be.pxl.microservices.services.NotificationServices - To ... Ron
2024-11-11T12:02:57.348+0100 INFO               [http-nio-9090-exec-7]         be.pxl.microservices.api.controller.EmployeeController - Creating new employee with name: Ron7
2024-11-11T12:02:57.372+0100 INFO               [http-nio-9090-exec-7]         be.pxl.microservices.services.EmployeeServices - Employee created with id: 56
2024-11-11T12:02:57.389+0100 INFO               [http-nio-9093-exec-2]         be.pxl.microservices.api.controller.NotificationController - Sending notification: Notification(from=EmployeeService, to=Ron, subject=Employee Created, message=Employee Created)
2024-11-11T12:02:57.390+0100 INFO               [http-nio-9093-exec-2]         be.pxl.microservices.services.NotificationServices - Receiving notification....
2024-11-11T12:02:57.390+0100 INFO               [http-nio-9093-exec-2]         be.pxl.microservices.services.NotificationServices - Sending ... Employee Created
2024-11-11T12:02:57.390+0100 INFO               [http-nio-9093-exec-2]         be.pxl.microservices.services.NotificationServices - To ... Ron
2024-11-11T12:04:49.898+0100 INFO               [http-nio-9090-exec-1]         be.pxl.microservices.api.controller.EmployeeController - Creating new employee with name: Ron8
2024-11-11T12:04:49.925+0100 INFO               [http-nio-9090-exec-1]         be.pxl.microservices.services.EmployeeServices - Employee created with id: 57
2024-11-11T12:04:49.934+0100 INFO               [http-nio-9093-exec-4]         be.pxl.microservices.api.controller.NotificationController - Sending notification: Notification(from=EmployeeService, to=Ron, subject=Employee Created, message=Employee Created)
2024-11-11T12:04:49.934+0100 INFO               [http-nio-9093-exec-4]         be.pxl.microservices.services.NotificationServices - Receiving notification....
2024-11-11T12:04:49.934+0100 INFO               [http-nio-9093-exec-4]         be.pxl.microservices.services.NotificationServices - Sending ... Employee Created
2024-11-11T12:04:49.934+0100 INFO               [http-nio-9093-exec-4]         be.pxl.microservices.services.NotificationServices - To ... Ron
